<?xml version="1.0" encoding="UTF-8"?>
<testsuite name="pathfinder.scriptTestRunner.ScriptFileTests" tests="2" skipped="0" failures="1" errors="0" timestamp="2021-05-22T05:36:21" hostname="C-RUSHING" time="0.032">
  <properties/>
  <testcase name="checkOutput[exampleDijkstraTest]" classname="pathfinder.scriptTestRunner.ScriptFileTests" time="0.026">
    <failure message="org.junit.ComparisonFailure: exampleDijkstraTest expected:&lt;...o B in simpleGraph&#10;&#10;[path from A to B:&#10;A to C with weight 1.000&#10;C to D with weight 1.000&#10;D to B with weight 1.000&#10;total cost: 3.000]&gt; but was:&lt;...o B in simpleGraph&#10;&#10;[Exception while running command: FindPath simpleGraph A B&#10;java.lang.IllegalArgumentException: bad node(s), bad object name, or edge already exists&#10; at graph.GraphADT.addEdge(GraphADT.java:295)&#10; at pathfinder.DijkstrasPaths.buildGraph(DijkstrasPaths.java:60)&#10; at pathfinder.scriptTestRunner.PathfinderTestDriver.findPath(PathfinderTestDriver.java:254)&#10; at pathfinder.scriptTestRunner.PathfinderTestDriver.findPath(PathfinderTestDriver.java:233)&#10; at pathfinder.scriptTestRunner.PathfinderTestDriver.executeCommand(PathfinderTestDriver.java:91)&#10; at pathfinder.scriptTestRunner.PathfinderTestDriver.runTests(PathfinderTestDriver.java:65)&#10; at pathfinder.scriptTestRunner.ScriptFileTests.runScriptFile(ScriptFileTests.java:153)&#10; at pathfinder.scriptTestRunner.ScriptFileTests.checkOutput(ScriptFileTests.java:179)&#10; at java.base/jdk.internal.reflect.NativeMethodAccessorImpl.invoke0(Native Method)&#10; at java.base/jdk.internal.reflect.NativeMethodAccessorImpl.invoke(NativeMethodAccessorImpl.java:64)&#10; at java.base/jdk.internal.reflect.DelegatingMethodAccessorImpl.invoke(DelegatingMethodAccessorImpl.java:43)&#10; at java.base/java.lang.reflect.Method.invoke(Method.java:564)&#10; at org.junit.runners.model.FrameworkMethod$1.runReflectiveCall(FrameworkMethod.java:59)&#10; at org.junit.internal.runners.model.ReflectiveCallable.run(ReflectiveCallable.java:12)&#10; at org.junit.runners.model.FrameworkMethod.invokeExplosively(FrameworkMethod.java:56)&#10; at org.junit.internal.runners.statements.InvokeMethod.evaluate(InvokeMethod.java:17)&#10; at org.junit.internal.runners.statements.FailOnTimeout$CallableStatement.call(FailOnTimeout.java:288)&#10; at org.junit.internal.runners.statements.FailOnTimeout$CallableStatement.call(FailOnTimeout.java:282)&#10; at java.base/java.util.concurrent.FutureTask.run(FutureTask.java:264)&#10; at java.base/java.lang.Thread.run(Thread.java:832)]&gt;" type="org.junit.ComparisonFailure">org.junit.ComparisonFailure: exampleDijkstraTest expected:&lt;...o B in simpleGraph

[path from A to B:
A to C with weight 1.000
C to D with weight 1.000
D to B with weight 1.000
total cost: 3.000]&gt; but was:&lt;...o B in simpleGraph

[Exception while running command: FindPath simpleGraph A B
java.lang.IllegalArgumentException: bad node(s), bad object name, or edge already exists
 at graph.GraphADT.addEdge(GraphADT.java:295)
 at pathfinder.DijkstrasPaths.buildGraph(DijkstrasPaths.java:60)
 at pathfinder.scriptTestRunner.PathfinderTestDriver.findPath(PathfinderTestDriver.java:254)
 at pathfinder.scriptTestRunner.PathfinderTestDriver.findPath(PathfinderTestDriver.java:233)
 at pathfinder.scriptTestRunner.PathfinderTestDriver.executeCommand(PathfinderTestDriver.java:91)
 at pathfinder.scriptTestRunner.PathfinderTestDriver.runTests(PathfinderTestDriver.java:65)
 at pathfinder.scriptTestRunner.ScriptFileTests.runScriptFile(ScriptFileTests.java:153)
 at pathfinder.scriptTestRunner.ScriptFileTests.checkOutput(ScriptFileTests.java:179)
 at java.base/jdk.internal.reflect.NativeMethodAccessorImpl.invoke0(Native Method)
 at java.base/jdk.internal.reflect.NativeMethodAccessorImpl.invoke(NativeMethodAccessorImpl.java:64)
 at java.base/jdk.internal.reflect.DelegatingMethodAccessorImpl.invoke(DelegatingMethodAccessorImpl.java:43)
 at java.base/java.lang.reflect.Method.invoke(Method.java:564)
 at org.junit.runners.model.FrameworkMethod$1.runReflectiveCall(FrameworkMethod.java:59)
 at org.junit.internal.runners.model.ReflectiveCallable.run(ReflectiveCallable.java:12)
 at org.junit.runners.model.FrameworkMethod.invokeExplosively(FrameworkMethod.java:56)
 at org.junit.internal.runners.statements.InvokeMethod.evaluate(InvokeMethod.java:17)
 at org.junit.internal.runners.statements.FailOnTimeout$CallableStatement.call(FailOnTimeout.java:288)
 at org.junit.internal.runners.statements.FailOnTimeout$CallableStatement.call(FailOnTimeout.java:282)
 at java.base/java.util.concurrent.FutureTask.run(FutureTask.java:264)
 at java.base/java.lang.Thread.run(Thread.java:832)]&gt;
	at org.junit.Assert.assertEquals(Assert.java:117)
	at pathfinder.scriptTestRunner.ScriptFileTests.checkOutput(ScriptFileTests.java:193)
	at java.base/jdk.internal.reflect.NativeMethodAccessorImpl.invoke0(Native Method)
	at java.base/jdk.internal.reflect.NativeMethodAccessorImpl.invoke(NativeMethodAccessorImpl.java:64)
	at java.base/jdk.internal.reflect.DelegatingMethodAccessorImpl.invoke(DelegatingMethodAccessorImpl.java:43)
	at java.base/java.lang.reflect.Method.invoke(Method.java:564)
	at org.junit.runners.model.FrameworkMethod$1.runReflectiveCall(FrameworkMethod.java:59)
	at org.junit.internal.runners.model.ReflectiveCallable.run(ReflectiveCallable.java:12)
	at org.junit.runners.model.FrameworkMethod.invokeExplosively(FrameworkMethod.java:56)
	at org.junit.internal.runners.statements.InvokeMethod.evaluate(InvokeMethod.java:17)
	at org.junit.internal.runners.statements.FailOnTimeout$CallableStatement.call(FailOnTimeout.java:288)
	at org.junit.internal.runners.statements.FailOnTimeout$CallableStatement.call(FailOnTimeout.java:282)
	at java.base/java.util.concurrent.FutureTask.run(FutureTask.java:264)
	at java.base/java.lang.Thread.run(Thread.java:832)
</failure>
  </testcase>
  <testcase name="checkOutput[listChildrenTest]" classname="pathfinder.scriptTestRunner.ScriptFileTests" time="0.006"/>
  <system-out><![CDATA[]]></system-out>
  <system-err><![CDATA[]]></system-err>
</testsuite>
